This file contains any messages produced by compilers while
running configure, to aid debugging if configure makes a mistake.

It was created by libusb configure 0.1.12, which was
generated by GNU Autoconf 2.72.  Invocation command line was

  $ ./configure --prefix=/usr --libdir=/usr/lib32

## --------- ##
## Platform. ##
## --------- ##

hostname = PdoS
uname -m = x86_64
uname -r = 6.13.2-zen1-1-zen
uname -s = Linux
uname -v = #1 ZEN SMP PREEMPT_DYNAMIC Sat, 08 Feb 2025 18:54:38 +0000

/usr/bin/uname -p = unknown
/bin/uname -X     = unknown

/bin/arch              = unknown
/usr/bin/arch -k       = unknown
/usr/convex/getsysinfo = unknown
/usr/bin/hostinfo      = unknown
/bin/machine           = unknown
/usr/bin/oslevel       = unknown
/bin/universe          = unknown

PATH: /usr/local/sbin/
PATH: /usr/local/bin/
PATH: /usr/bin/
PATH: /usr/bin/site_perl/
PATH: /usr/bin/vendor_perl/
PATH: /usr/bin/core_perl/
PATH: /usr/lib/rustup/bin/


## ----------- ##
## Core tests. ##
## ----------- ##

configure:2914: looking for aux files: compile config.guess config.sub ltmain.sh missing install-sh
configure:2927:  trying ./
configure:2956:   ./compile found
configure:2956:   ./config.guess found
configure:2956:   ./config.sub found
configure:2956:   ./ltmain.sh found
configure:2956:   ./missing found
configure:2938:   ./install-sh found
configure:3093: checking for a BSD-compatible install
configure:3167: result: /usr/bin/install -c
configure:3178: checking whether sleep supports fractional seconds
configure:3194: result: yes
configure:3197: checking filesystem timestamp resolution
configure:3332: result: 0.01
configure:3337: checking whether build environment is sane
configure:3378: result: yes
configure:3549: checking for a race-free mkdir -p
configure:3592: result: /usr/bin/mkdir -p
configure:3599: checking for gawk
configure:3620: found /usr/bin/gawk
configure:3632: result: gawk
configure:3643: checking whether make sets $(MAKE)
configure:3667: result: yes
configure:3693: checking whether make supports nested variables
configure:3712: result: yes
configure:3726: checking xargs -n works
configure:3742: result: yes
configure:3929: checking build system type
configure:3945: result: i686-pc-linux-gnu
configure:3965: checking host system type
configure:3980: result: i686-pc-linux-gnu
configure:4021: checking how to print strings
configure:4048: result: printf
configure:4082: checking whether make supports the include directive
configure:4097: make -f confmf.GNU && cat confinc.out
this is the am__doit target
configure:4100: $? = 0
configure:4119: result: yes (GNU style)
configure:4196: checking for gcc
configure:4229: result: gcc -m32
configure:4588: checking for C compiler version
configure:4597: gcc -m32 --version >&5
gcc (GCC) 14.2.1 20250207
Copyright (C) 2024 Free Software Foundation, Inc.
This is free software; see the source for copying conditions.  There is NO
warranty; not even for MERCHANTABILITY or FITNESS FOR A PARTICULAR PURPOSE.

configure:4608: $? = 0
configure:4597: gcc -m32 -v >&5
Using built-in specs.
COLLECT_GCC=gcc
COLLECT_LTO_WRAPPER=/usr/lib/gcc/x86_64-pc-linux-gnu/14.2.1/lto-wrapper
Target: x86_64-pc-linux-gnu
Configured with: /build/gcc/src/gcc/configure --enable-languages=ada,c,c++,d,fortran,go,lto,m2,objc,obj-c++,rust --enable-bootstrap --prefix=/usr --libdir=/usr/lib --libexecdir=/usr/lib --mandir=/usr/share/man --infodir=/usr/share/info --with-bugurl=https://gitlab.archlinux.org/archlinux/packaging/packages/gcc/-/issues --with-build-config=bootstrap-lto --with-linker-hash-style=gnu --with-system-zlib --enable-__cxa_atexit --enable-cet=auto --enable-checking=release --enable-clocale=gnu --enable-default-pie --enable-default-ssp --enable-gnu-indirect-function --enable-gnu-unique-object --enable-libstdcxx-backtrace --enable-link-serialization=1 --enable-linker-build-id --enable-lto --enable-multilib --enable-plugin --enable-shared --enable-threads=posix --disable-libssp --disable-libstdcxx-pch --disable-werror
Thread model: posix
Supported LTO compression algorithms: zlib zstd
gcc version 14.2.1 20250207 (GCC) 
configure:4608: $? = 0
configure:4597: gcc -m32 -V >&5
gcc: error: unrecognized command-line option '-V'
gcc: fatal error: no input files
compilation terminated.
configure:4608: $? = 1
configure:4597: gcc -m32 -qversion >&5
gcc: error: unrecognized command-line option '-qversion'; did you mean '--version'?
gcc: fatal error: no input files
compilation terminated.
configure:4608: $? = 1
configure:4597: gcc -m32 -version >&5
gcc: error: unrecognized command-line option '-version'
gcc: fatal error: no input files
compilation terminated.
configure:4608: $? = 1
configure:4628: checking whether the C compiler works
configure:4650: gcc -m32 -march=x86-64 -mtune=generic -O2 -pipe -fno-plt -fexceptions         -Wp,-D_FORTIFY_SOURCE=3 -Wformat -Werror=format-security         -fstack-clash-protection -fcf-protection         -fno-omit-frame-pointer -mno-omit-leaf-frame-pointer -g -ffile-prefix-map=/home/aliasadi/Desktop/pdlinux/pdlinux/src/lib32-libusb0/src=/usr/src/debug/lib32-libusb0 -flto=auto  -Wl,-O1 -Wl,--sort-common -Wl,--as-needed -Wl,-z,relro -Wl,-z,now          -Wl,-z,pack-relative-relocs -flto=auto conftest.c  >&5
configure:4654: $? = 0
configure:4705: result: yes
configure:4709: checking for C compiler default output file name
configure:4711: result: a.out
configure:4717: checking for suffix of executables
configure:4724: gcc -m32 -o conftest -march=x86-64 -mtune=generic -O2 -pipe -fno-plt -fexceptions         -Wp,-D_FORTIFY_SOURCE=3 -Wformat -Werror=format-security         -fstack-clash-protection -fcf-protection         -fno-omit-frame-pointer -mno-omit-leaf-frame-pointer -g -ffile-prefix-map=/home/aliasadi/Desktop/pdlinux/pdlinux/src/lib32-libusb0/src=/usr/src/debug/lib32-libusb0 -flto=auto  -Wl,-O1 -Wl,--sort-common -Wl,--as-needed -Wl,-z,relro -Wl,-z,now          -Wl,-z,pack-relative-relocs -flto=auto conftest.c  >&5
configure:4728: $? = 0
configure:4752: result: 
configure:4776: checking whether we are cross compiling
configure:4784: gcc -m32 -o conftest -march=x86-64 -mtune=generic -O2 -pipe -fno-plt -fexceptions         -Wp,-D_FORTIFY_SOURCE=3 -Wformat -Werror=format-security         -fstack-clash-protection -fcf-protection         -fno-omit-frame-pointer -mno-omit-leaf-frame-pointer -g -ffile-prefix-map=/home/aliasadi/Desktop/pdlinux/pdlinux/src/lib32-libusb0/src=/usr/src/debug/lib32-libusb0 -flto=auto  -Wl,-O1 -Wl,--sort-common -Wl,--as-needed -Wl,-z,relro -Wl,-z,now          -Wl,-z,pack-relative-relocs -flto=auto conftest.c  >&5
configure:4788: $? = 0
configure:4795: ./conftest
configure:4799: $? = 0
configure:4814: result: no
configure:4820: checking for suffix of object files
configure:4843: gcc -m32 -c -march=x86-64 -mtune=generic -O2 -pipe -fno-plt -fexceptions         -Wp,-D_FORTIFY_SOURCE=3 -Wformat -Werror=format-security         -fstack-clash-protection -fcf-protection         -fno-omit-frame-pointer -mno-omit-leaf-frame-pointer -g -ffile-prefix-map=/home/aliasadi/Desktop/pdlinux/pdlinux/src/lib32-libusb0/src=/usr/src/debug/lib32-libusb0 -flto=auto  conftest.c >&5
configure:4847: $? = 0
configure:4871: result: o
configure:4875: checking whether the compiler supports GNU C
configure:4895: gcc -m32 -c -march=x86-64 -mtune=generic -O2 -pipe -fno-plt -fexceptions         -Wp,-D_FORTIFY_SOURCE=3 -Wformat -Werror=format-security         -fstack-clash-protection -fcf-protection         -fno-omit-frame-pointer -mno-omit-leaf-frame-pointer -g -ffile-prefix-map=/home/aliasadi/Desktop/pdlinux/pdlinux/src/lib32-libusb0/src=/usr/src/debug/lib32-libusb0 -flto=auto  conftest.c >&5
configure:4895: $? = 0
configure:4907: result: yes
configure:4918: checking whether gcc -m32 accepts -g
configure:4939: gcc -m32 -c -g  conftest.c >&5
configure:4939: $? = 0
configure:4986: result: yes
configure:5006: checking for gcc -m32 option to enable C11 features
configure:5021: gcc -m32  -c -march=x86-64 -mtune=generic -O2 -pipe -fno-plt -fexceptions         -Wp,-D_FORTIFY_SOURCE=3 -Wformat -Werror=format-security         -fstack-clash-protection -fcf-protection         -fno-omit-frame-pointer -mno-omit-leaf-frame-pointer -g -ffile-prefix-map=/home/aliasadi/Desktop/pdlinux/pdlinux/src/lib32-libusb0/src=/usr/src/debug/lib32-libusb0 -flto=auto  conftest.c >&5
configure:5021: $? = 0
configure:5040: result: none needed
configure:5164: checking whether gcc -m32 understands -c and -o together
configure:5187: gcc -m32 -c conftest.c -o conftest2.o
configure:5190: $? = 0
configure:5187: gcc -m32 -c conftest.c -o conftest2.o
configure:5190: $? = 0
configure:5203: result: yes
configure:5222: checking dependency style of gcc -m32
configure:5335: result: gcc3
configure:5350: checking for a sed that does not truncate output
configure:5422: result: /usr/bin/sed
configure:5440: checking for grep that handles long lines and -e
configure:5506: result: /usr/bin/grep
configure:5511: checking for egrep
configure:5581: result: /usr/bin/grep -E
configure:5588: checking for fgrep
configure:5658: result: /usr/bin/grep -F
configure:5695: checking for ld used by gcc -m32
configure:5764: result: /usr/bin/ld
configure:5771: checking if the linker (/usr/bin/ld) is GNU ld
configure:5788: result: yes
configure:5800: checking for BSD- or MS-compatible name lister (nm)
configure:5856: result: /usr/bin/nm -B
configure:5998: checking the name lister (/usr/bin/nm -B) interface
configure:6006: gcc -m32 -c -march=x86-64 -mtune=generic -O2 -pipe -fno-plt -fexceptions         -Wp,-D_FORTIFY_SOURCE=3 -Wformat -Werror=format-security         -fstack-clash-protection -fcf-protection         -fno-omit-frame-pointer -mno-omit-leaf-frame-pointer -g -ffile-prefix-map=/home/aliasadi/Desktop/pdlinux/pdlinux/src/lib32-libusb0/src=/usr/src/debug/lib32-libusb0 -flto=auto  conftest.c >&5
configure:6009: /usr/bin/nm -B "conftest.o"
configure:6012: output
00000000 B some_variable
configure:6020: result: BSD nm
configure:6023: checking whether ln -s works
configure:6027: result: yes
configure:6035: checking the maximum length of command line arguments
configure:6168: result: 1572864
configure:6216: checking how to convert i686-pc-linux-gnu file names to i686-pc-linux-gnu format
configure:6258: result: func_convert_file_noop
configure:6265: checking how to convert i686-pc-linux-gnu file names to toolchain format
configure:6287: result: func_convert_file_noop
configure:6294: checking for /usr/bin/ld option to reload object files
configure:6303: result: -r
configure:6336: checking for file
configure:6357: found /usr/bin/file
configure:6370: result: file
configure:6433: checking for objdump
configure:6454: found /usr/bin/objdump
configure:6466: result: objdump
configure:6498: checking how to recognize dependent libraries
configure:6707: result: pass_all
configure:6798: checking for dlltool
configure:6834: result: no
configure:6864: checking how to associate runtime and link libraries
configure:6893: result: printf %s\n
configure:6954: checking for ranlib
configure:6975: found /usr/bin/ranlib
configure:6987: result: ranlib
configure:7064: checking for ar
configure:7085: found /usr/bin/ar
configure:7097: result: ar
configure:7150: checking for archiver @FILE support
configure:7168: gcc -m32 -c -march=x86-64 -mtune=generic -O2 -pipe -fno-plt -fexceptions         -Wp,-D_FORTIFY_SOURCE=3 -Wformat -Werror=format-security         -fstack-clash-protection -fcf-protection         -fno-omit-frame-pointer -mno-omit-leaf-frame-pointer -g -ffile-prefix-map=/home/aliasadi/Desktop/pdlinux/pdlinux/src/lib32-libusb0/src=/usr/src/debug/lib32-libusb0 -flto=auto  conftest.c >&5
configure:7168: $? = 0
configure:7172: ar cr libconftest.a @conftest.lst >&5
configure:7175: $? = 0
configure:7180: ar cr libconftest.a @conftest.lst >&5
ar: conftest.o: No such file or directory
configure:7183: $? = 1
configure:7196: result: @
configure:7260: checking for strip
configure:7281: found /usr/bin/strip
configure:7293: result: strip
configure:7396: checking command to parse /usr/bin/nm -B output from gcc -m32 object
configure:7550: gcc -m32 -c -march=x86-64 -mtune=generic -O2 -pipe -fno-plt -fexceptions         -Wp,-D_FORTIFY_SOURCE=3 -Wformat -Werror=format-security         -fstack-clash-protection -fcf-protection         -fno-omit-frame-pointer -mno-omit-leaf-frame-pointer -g -ffile-prefix-map=/home/aliasadi/Desktop/pdlinux/pdlinux/src/lib32-libusb0/src=/usr/src/debug/lib32-libusb0 -flto=auto  conftest.c >&5
configure:7553: $? = 0
configure:7557: /usr/bin/nm -B conftest.o | /usr/bin/sed -n -e 's/^.*[	 ]\([ABCDGIRSTW][ABCDGIRSTW]*\)[	 ][	 ]*\([_A-Za-z][_A-Za-z0-9]*\)$/\1 \2 \2/p' | /usr/bin/sed '/ __gnu_lto/d' > conftest.nm
configure:7623: gcc -m32 -o conftest -march=x86-64 -mtune=generic -O2 -pipe -fno-plt -fexceptions         -Wp,-D_FORTIFY_SOURCE=3 -Wformat -Werror=format-security         -fstack-clash-protection -fcf-protection         -fno-omit-frame-pointer -mno-omit-leaf-frame-pointer -g -ffile-prefix-map=/home/aliasadi/Desktop/pdlinux/pdlinux/src/lib32-libusb0/src=/usr/src/debug/lib32-libusb0 -flto=auto  -Wl,-O1 -Wl,--sort-common -Wl,--as-needed -Wl,-z,relro -Wl,-z,now          -Wl,-z,pack-relative-relocs -flto=auto conftest.c conftstm.o >&5
configure:7626: $? = 0
configure:7665: result: ok
configure:7712: checking for sysroot
configure:7746: result: no
configure:7753: checking for a working dd
configure:7798: result: /usr/bin/dd
configure:7802: checking how to truncate binary pipes
configure:7819: result: /usr/bin/dd bs=4096 count=1
configure:8159: checking for mt
configure:8195: result: no
configure:8215: checking if : is a manifest tool
configure:8222: : '-?'
configure:8231: result: no
configure:9028: checking for stdio.h
configure:9028: gcc -m32 -c -march=x86-64 -mtune=generic -O2 -pipe -fno-plt -fexceptions         -Wp,-D_FORTIFY_SOURCE=3 -Wformat -Werror=format-security         -fstack-clash-protection -fcf-protection         -fno-omit-frame-pointer -mno-omit-leaf-frame-pointer -g -ffile-prefix-map=/home/aliasadi/Desktop/pdlinux/pdlinux/src/lib32-libusb0/src=/usr/src/debug/lib32-libusb0 -flto=auto  conftest.c >&5
configure:9028: $? = 0
configure:9028: result: yes
configure:9028: checking for stdlib.h
configure:9028: gcc -m32 -c -march=x86-64 -mtune=generic -O2 -pipe -fno-plt -fexceptions         -Wp,-D_FORTIFY_SOURCE=3 -Wformat -Werror=format-security         -fstack-clash-protection -fcf-protection         -fno-omit-frame-pointer -mno-omit-leaf-frame-pointer -g -ffile-prefix-map=/home/aliasadi/Desktop/pdlinux/pdlinux/src/lib32-libusb0/src=/usr/src/debug/lib32-libusb0 -flto=auto  conftest.c >&5
configure:9028: $? = 0
configure:9028: result: yes
configure:9028: checking for string.h
configure:9028: gcc -m32 -c -march=x86-64 -mtune=generic -O2 -pipe -fno-plt -fexceptions         -Wp,-D_FORTIFY_SOURCE=3 -Wformat -Werror=format-security         -fstack-clash-protection -fcf-protection         -fno-omit-frame-pointer -mno-omit-leaf-frame-pointer -g -ffile-prefix-map=/home/aliasadi/Desktop/pdlinux/pdlinux/src/lib32-libusb0/src=/usr/src/debug/lib32-libusb0 -flto=auto  conftest.c >&5
configure:9028: $? = 0
configure:9028: result: yes
configure:9028: checking for inttypes.h
configure:9028: gcc -m32 -c -march=x86-64 -mtune=generic -O2 -pipe -fno-plt -fexceptions         -Wp,-D_FORTIFY_SOURCE=3 -Wformat -Werror=format-security         -fstack-clash-protection -fcf-protection         -fno-omit-frame-pointer -mno-omit-leaf-frame-pointer -g -ffile-prefix-map=/home/aliasadi/Desktop/pdlinux/pdlinux/src/lib32-libusb0/src=/usr/src/debug/lib32-libusb0 -flto=auto  conftest.c >&5
configure:9028: $? = 0
configure:9028: result: yes
configure:9028: checking for stdint.h
configure:9028: gcc -m32 -c -march=x86-64 -mtune=generic -O2 -pipe -fno-plt -fexceptions         -Wp,-D_FORTIFY_SOURCE=3 -Wformat -Werror=format-security         -fstack-clash-protection -fcf-protection         -fno-omit-frame-pointer -mno-omit-leaf-frame-pointer -g -ffile-prefix-map=/home/aliasadi/Desktop/pdlinux/pdlinux/src/lib32-libusb0/src=/usr/src/debug/lib32-libusb0 -flto=auto  conftest.c >&5
configure:9028: $? = 0
configure:9028: result: yes
configure:9028: checking for strings.h
configure:9028: gcc -m32 -c -march=x86-64 -mtune=generic -O2 -pipe -fno-plt -fexceptions         -Wp,-D_FORTIFY_SOURCE=3 -Wformat -Werror=format-security         -fstack-clash-protection -fcf-protection         -fno-omit-frame-pointer -mno-omit-leaf-frame-pointer -g -ffile-prefix-map=/home/aliasadi/Desktop/pdlinux/pdlinux/src/lib32-libusb0/src=/usr/src/debug/lib32-libusb0 -flto=auto  conftest.c >&5
configure:9028: $? = 0
configure:9028: result: yes
configure:9028: checking for sys/stat.h
configure:9028: gcc -m32 -c -march=x86-64 -mtune=generic -O2 -pipe -fno-plt -fexceptions         -Wp,-D_FORTIFY_SOURCE=3 -Wformat -Werror=format-security         -fstack-clash-protection -fcf-protection         -fno-omit-frame-pointer -mno-omit-leaf-frame-pointer -g -ffile-prefix-map=/home/aliasadi/Desktop/pdlinux/pdlinux/src/lib32-libusb0/src=/usr/src/debug/lib32-libusb0 -flto=auto  conftest.c >&5
configure:9028: $? = 0
configure:9028: result: yes
configure:9028: checking for sys/types.h
configure:9028: gcc -m32 -c -march=x86-64 -mtune=generic -O2 -pipe -fno-plt -fexceptions         -Wp,-D_FORTIFY_SOURCE=3 -Wformat -Werror=format-security         -fstack-clash-protection -fcf-protection         -fno-omit-frame-pointer -mno-omit-leaf-frame-pointer -g -ffile-prefix-map=/home/aliasadi/Desktop/pdlinux/pdlinux/src/lib32-libusb0/src=/usr/src/debug/lib32-libusb0 -flto=auto  conftest.c >&5
configure:9028: $? = 0
configure:9028: result: yes
configure:9028: checking for unistd.h
configure:9028: gcc -m32 -c -march=x86-64 -mtune=generic -O2 -pipe -fno-plt -fexceptions         -Wp,-D_FORTIFY_SOURCE=3 -Wformat -Werror=format-security         -fstack-clash-protection -fcf-protection         -fno-omit-frame-pointer -mno-omit-leaf-frame-pointer -g -ffile-prefix-map=/home/aliasadi/Desktop/pdlinux/pdlinux/src/lib32-libusb0/src=/usr/src/debug/lib32-libusb0 -flto=auto  conftest.c >&5
configure:9028: $? = 0
configure:9028: result: yes
configure:9053: checking for dlfcn.h
configure:9053: gcc -m32 -c -march=x86-64 -mtune=generic -O2 -pipe -fno-plt -fexceptions         -Wp,-D_FORTIFY_SOURCE=3 -Wformat -Werror=format-security         -fstack-clash-protection -fcf-protection         -fno-omit-frame-pointer -mno-omit-leaf-frame-pointer -g -ffile-prefix-map=/home/aliasadi/Desktop/pdlinux/pdlinux/src/lib32-libusb0/src=/usr/src/debug/lib32-libusb0 -flto=auto  conftest.c >&5
configure:9053: $? = 0
configure:9053: result: yes
configure:9356: checking for objdir
configure:9373: result: .libs
configure:9635: checking if gcc -m32 supports -fno-rtti -fno-exceptions
configure:9654: gcc -m32 -c -march=x86-64 -mtune=generic -O2 -pipe -fno-plt -fexceptions         -Wp,-D_FORTIFY_SOURCE=3 -Wformat -Werror=format-security         -fstack-clash-protection -fcf-protection         -fno-omit-frame-pointer -mno-omit-leaf-frame-pointer -g -ffile-prefix-map=/home/aliasadi/Desktop/pdlinux/pdlinux/src/lib32-libusb0/src=/usr/src/debug/lib32-libusb0 -flto=auto  -fno-rtti -fno-exceptions conftest.c >&5
cc1: warning: command-line option '-fno-rtti' is valid for C++/D/ObjC++ but not for C
configure:9658: $? = 0
configure:9672: result: no
configure:10045: checking for gcc -m32 option to produce PIC
configure:10054: result: -fPIC -DPIC
configure:10062: checking if gcc -m32 PIC flag -fPIC -DPIC works
configure:10081: gcc -m32 -c -march=x86-64 -mtune=generic -O2 -pipe -fno-plt -fexceptions         -Wp,-D_FORTIFY_SOURCE=3 -Wformat -Werror=format-security         -fstack-clash-protection -fcf-protection         -fno-omit-frame-pointer -mno-omit-leaf-frame-pointer -g -ffile-prefix-map=/home/aliasadi/Desktop/pdlinux/pdlinux/src/lib32-libusb0/src=/usr/src/debug/lib32-libusb0 -flto=auto  -fPIC -DPIC -DPIC conftest.c >&5
configure:10085: $? = 0
configure:10099: result: yes
configure:10128: checking if gcc -m32 static flag -static works
configure:10158: result: yes
configure:10173: checking if gcc -m32 supports -c -o file.o
configure:10195: gcc -m32 -c -march=x86-64 -mtune=generic -O2 -pipe -fno-plt -fexceptions         -Wp,-D_FORTIFY_SOURCE=3 -Wformat -Werror=format-security         -fstack-clash-protection -fcf-protection         -fno-omit-frame-pointer -mno-omit-leaf-frame-pointer -g -ffile-prefix-map=/home/aliasadi/Desktop/pdlinux/pdlinux/src/lib32-libusb0/src=/usr/src/debug/lib32-libusb0 -flto=auto  -o out/conftest2.o conftest.c >&5
configure:10199: $? = 0
configure:10222: result: yes
configure:10230: checking if gcc -m32 supports -c -o file.o
configure:10279: result: yes
configure:10312: checking whether the gcc -m32 linker (/usr/bin/ld) supports shared libraries
configure:11596: result: yes
configure:11633: checking whether -lc should be explicitly linked in
configure:11642: gcc -m32 -c -march=x86-64 -mtune=generic -O2 -pipe -fno-plt -fexceptions         -Wp,-D_FORTIFY_SOURCE=3 -Wformat -Werror=format-security         -fstack-clash-protection -fcf-protection         -fno-omit-frame-pointer -mno-omit-leaf-frame-pointer -g -ffile-prefix-map=/home/aliasadi/Desktop/pdlinux/pdlinux/src/lib32-libusb0/src=/usr/src/debug/lib32-libusb0 -flto=auto  conftest.c >&5
configure:11645: $? = 0
configure:11660: gcc -m32 -shared  -fPIC -DPIC conftest.o  -v -Wl,-soname -Wl,conftest -o conftest 2\>\&1 \| /usr/bin/grep  -lc  \>/dev/null 2\>\&1
configure:11663: $? = 0
configure:11678: result: no
configure:11838: checking dynamic linker characteristics
configure:12457: gcc -m32 -o conftest -march=x86-64 -mtune=generic -O2 -pipe -fno-plt -fexceptions         -Wp,-D_FORTIFY_SOURCE=3 -Wformat -Werror=format-security         -fstack-clash-protection -fcf-protection         -fno-omit-frame-pointer -mno-omit-leaf-frame-pointer -g -ffile-prefix-map=/home/aliasadi/Desktop/pdlinux/pdlinux/src/lib32-libusb0/src=/usr/src/debug/lib32-libusb0 -flto=auto  -Wl,-O1 -Wl,--sort-common -Wl,--as-needed -Wl,-z,relro -Wl,-z,now          -Wl,-z,pack-relative-relocs -flto=auto -Wl,-rpath -Wl,/foo conftest.c  >&5
configure:12457: $? = 0
configure:13222: result: GNU/Linux ld.so
configure:13344: checking how to hardcode library paths into programs
configure:13369: result: immediate
configure:13969: checking whether stripping libraries is possible
configure:13978: result: yes
configure:14020: checking if libtool supports shared libraries
configure:14022: result: yes
configure:14025: checking whether to build shared libraries
configure:14050: result: yes
configure:14053: checking whether to build static libraries
configure:14057: result: yes
configure:14101: checking for what USB OS support
configure:14115: result: Linux
configure:14357: checking for C++ compiler version
configure:14366: g++ -m32 --version >&5
g++ (GCC) 14.2.1 20250207
Copyright (C) 2024 Free Software Foundation, Inc.
This is free software; see the source for copying conditions.  There is NO
warranty; not even for MERCHANTABILITY or FITNESS FOR A PARTICULAR PURPOSE.

configure:14377: $? = 0
configure:14366: g++ -m32 -v >&5
Using built-in specs.
COLLECT_GCC=g++
COLLECT_LTO_WRAPPER=/usr/lib/gcc/x86_64-pc-linux-gnu/14.2.1/lto-wrapper
Target: x86_64-pc-linux-gnu
Configured with: /build/gcc/src/gcc/configure --enable-languages=ada,c,c++,d,fortran,go,lto,m2,objc,obj-c++,rust --enable-bootstrap --prefix=/usr --libdir=/usr/lib --libexecdir=/usr/lib --mandir=/usr/share/man --infodir=/usr/share/info --with-bugurl=https://gitlab.archlinux.org/archlinux/packaging/packages/gcc/-/issues --with-build-config=bootstrap-lto --with-linker-hash-style=gnu --with-system-zlib --enable-__cxa_atexit --enable-cet=auto --enable-checking=release --enable-clocale=gnu --enable-default-pie --enable-default-ssp --enable-gnu-indirect-function --enable-gnu-unique-object --enable-libstdcxx-backtrace --enable-link-serialization=1 --enable-linker-build-id --enable-lto --enable-multilib --enable-plugin --enable-shared --enable-threads=posix --disable-libssp --disable-libstdcxx-pch --disable-werror
Thread model: posix
Supported LTO compression algorithms: zlib zstd
gcc version 14.2.1 20250207 (GCC) 
configure:14377: $? = 0
configure:14366: g++ -m32 -V >&5
g++: error: unrecognized command-line option '-V'
g++: fatal error: no input files
compilation terminated.
configure:14377: $? = 1
configure:14366: g++ -m32 -qversion >&5
g++: error: unrecognized command-line option '-qversion'; did you mean '--version'?
g++: fatal error: no input files
compilation terminated.
configure:14377: $? = 1
configure:14381: checking whether the compiler supports GNU C++
configure:14401: g++ -m32 -c -march=x86-64 -mtune=generic -O2 -pipe -fno-plt -fexceptions         -Wp,-D_FORTIFY_SOURCE=3 -Wformat -Werror=format-security         -fstack-clash-protection -fcf-protection         -fno-omit-frame-pointer -mno-omit-leaf-frame-pointer -Wp,-D_GLIBCXX_ASSERTIONS -g -ffile-prefix-map=/home/aliasadi/Desktop/pdlinux/pdlinux/src/lib32-libusb0/src=/usr/src/debug/lib32-libusb0 -flto=auto  conftest.cpp >&5
configure:14401: $? = 0
configure:14413: result: yes
configure:14424: checking whether g++ -m32 accepts -g
configure:14445: g++ -m32 -c -g  conftest.cpp >&5
configure:14445: $? = 0
configure:14492: result: yes
configure:14512: checking for g++ -m32 option to enable C++11 features
configure:14527: g++ -m32  -c -march=x86-64 -mtune=generic -O2 -pipe -fno-plt -fexceptions         -Wp,-D_FORTIFY_SOURCE=3 -Wformat -Werror=format-security         -fstack-clash-protection -fcf-protection         -fno-omit-frame-pointer -mno-omit-leaf-frame-pointer -Wp,-D_GLIBCXX_ASSERTIONS -g -ffile-prefix-map=/home/aliasadi/Desktop/pdlinux/pdlinux/src/lib32-libusb0/src=/usr/src/debug/lib32-libusb0 -flto=auto  conftest.cpp >&5
conftest.cpp: In function 'int main(int, char**)':
conftest.cpp:198:25: warning: empty parentheses were disambiguated as a function declaration [-Wvexing-parse]
  198 |   cxx11test::delegate d2();
      |                         ^~
conftest.cpp:198:25: note: remove parentheses to default-initialize a variable
  198 |   cxx11test::delegate d2();
      |                         ^~
      |                         --
conftest.cpp:198:25: note: or replace parentheses with braces to value-initialize a variable
configure:14527: $? = 0
configure:14546: result: none needed
configure:14617: checking dependency style of g++ -m32
configure:14730: result: gcc3
configure:14763: checking how to run the C++ preprocessor
configure:14785: g++ -m32 -E  conftest.cpp
configure:14785: $? = 0
configure:14801: g++ -m32 -E  conftest.cpp
conftest.cpp:32:10: fatal error: ac_nonexistent.h: No such file or directory
   32 | #include <ac_nonexistent.h>
      |          ^~~~~~~~~~~~~~~~~~
compilation terminated.
configure:14801: $? = 1
configure: failed program was:
| /* confdefs.h */
| #define PACKAGE_NAME "libusb"
| #define PACKAGE_TARNAME "libusb"
| #define PACKAGE_VERSION "0.1.12"
| #define PACKAGE_STRING "libusb 0.1.12"
| #define PACKAGE_BUGREPORT ""
| #define PACKAGE_URL ""
| #define PACKAGE "libusb"
| #define VERSION "0.1.12"
| #define LIBUSB_MAJOR_VERSION 0
| #define LIBUSB_MINOR_VERSION 1
| #define LIBUSB_MICRO_VERSION 12
| #define LIBUSB_INTERFACE_AGE 4
| #define LIBUSB_BINARY_AGE 8
| #define HAVE_STDIO_H 1
| #define HAVE_STDLIB_H 1
| #define HAVE_STRING_H 1
| #define HAVE_INTTYPES_H 1
| #define HAVE_STDINT_H 1
| #define HAVE_STRINGS_H 1
| #define HAVE_SYS_STAT_H 1
| #define HAVE_SYS_TYPES_H 1
| #define HAVE_UNISTD_H 1
| #define STDC_HEADERS 1
| #define HAVE_DLFCN_H 1
| #define LT_OBJDIR ".libs/"
| #define LINUX_API 1
| #define BSD_API 0
| #define DARWIN_API 0
| #define DUMMY_API 0
| /* end confdefs.h.  */
| #include <ac_nonexistent.h>
configure:14830: result: g++ -m32 -E
configure:14844: g++ -m32 -E  conftest.cpp
configure:14844: $? = 0
configure:14860: g++ -m32 -E  conftest.cpp
conftest.cpp:32:10: fatal error: ac_nonexistent.h: No such file or directory
   32 | #include <ac_nonexistent.h>
      |          ^~~~~~~~~~~~~~~~~~
compilation terminated.
configure:14860: $? = 1
configure: failed program was:
| /* confdefs.h */
| #define PACKAGE_NAME "libusb"
| #define PACKAGE_TARNAME "libusb"
| #define PACKAGE_VERSION "0.1.12"
| #define PACKAGE_STRING "libusb 0.1.12"
| #define PACKAGE_BUGREPORT ""
| #define PACKAGE_URL ""
| #define PACKAGE "libusb"
| #define VERSION "0.1.12"
| #define LIBUSB_MAJOR_VERSION 0
| #define LIBUSB_MINOR_VERSION 1
| #define LIBUSB_MICRO_VERSION 12
| #define LIBUSB_INTERFACE_AGE 4
| #define LIBUSB_BINARY_AGE 8
| #define HAVE_STDIO_H 1
| #define HAVE_STDLIB_H 1
| #define HAVE_STRING_H 1
| #define HAVE_INTTYPES_H 1
| #define HAVE_STDINT_H 1
| #define HAVE_STRINGS_H 1
| #define HAVE_SYS_STAT_H 1
| #define HAVE_SYS_TYPES_H 1
| #define HAVE_UNISTD_H 1
| #define STDC_HEADERS 1
| #define HAVE_DLFCN_H 1
| #define LT_OBJDIR ".libs/"
| #define LINUX_API 1
| #define BSD_API 0
| #define DARWIN_API 0
| #define DUMMY_API 0
| /* end confdefs.h.  */
| #include <ac_nonexistent.h>
configure:15028: checking for ld used by g++ -m32
configure:15097: result: /usr/bin/ld
configure:15104: checking if the linker (/usr/bin/ld) is GNU ld
configure:15121: result: yes
configure:15175: checking whether the g++ -m32 linker (/usr/bin/ld) supports shared libraries
configure:16263: result: yes
configure:16299: g++ -m32 -c -march=x86-64 -mtune=generic -O2 -pipe -fno-plt -fexceptions         -Wp,-D_FORTIFY_SOURCE=3 -Wformat -Werror=format-security         -fstack-clash-protection -fcf-protection         -fno-omit-frame-pointer -mno-omit-leaf-frame-pointer -Wp,-D_GLIBCXX_ASSERTIONS -g -ffile-prefix-map=/home/aliasadi/Desktop/pdlinux/pdlinux/src/lib32-libusb0/src=/usr/src/debug/lib32-libusb0 -flto=auto  conftest.cpp >&5
configure:16302: $? = 0
configure:16788: checking for g++ -m32 option to produce PIC
configure:16797: result: -fPIC -DPIC
configure:16805: checking if g++ -m32 PIC flag -fPIC -DPIC works
configure:16824: g++ -m32 -c -march=x86-64 -mtune=generic -O2 -pipe -fno-plt -fexceptions         -Wp,-D_FORTIFY_SOURCE=3 -Wformat -Werror=format-security         -fstack-clash-protection -fcf-protection         -fno-omit-frame-pointer -mno-omit-leaf-frame-pointer -Wp,-D_GLIBCXX_ASSERTIONS -g -ffile-prefix-map=/home/aliasadi/Desktop/pdlinux/pdlinux/src/lib32-libusb0/src=/usr/src/debug/lib32-libusb0 -flto=auto  -fPIC -DPIC -DPIC conftest.cpp >&5
configure:16828: $? = 0
configure:16842: result: yes
configure:16865: checking if g++ -m32 static flag -static works
configure:16895: result: yes
configure:16907: checking if g++ -m32 supports -c -o file.o
configure:16929: g++ -m32 -c -march=x86-64 -mtune=generic -O2 -pipe -fno-plt -fexceptions         -Wp,-D_FORTIFY_SOURCE=3 -Wformat -Werror=format-security         -fstack-clash-protection -fcf-protection         -fno-omit-frame-pointer -mno-omit-leaf-frame-pointer -Wp,-D_GLIBCXX_ASSERTIONS -g -ffile-prefix-map=/home/aliasadi/Desktop/pdlinux/pdlinux/src/lib32-libusb0/src=/usr/src/debug/lib32-libusb0 -flto=auto  -o out/conftest2.o conftest.cpp >&5
configure:16933: $? = 0
configure:16956: result: yes
configure:16961: checking if g++ -m32 supports -c -o file.o
configure:17010: result: yes
configure:17040: checking whether the g++ -m32 linker (/usr/bin/ld) supports shared libraries
configure:17080: result: yes
configure:17223: checking dynamic linker characteristics
configure:18517: result: GNU/Linux ld.so
configure:18582: checking how to hardcode library paths into programs
configure:18607: result: immediate
configure:18707: checking for gcc
configure:18740: result: gcc -m32
configure:19099: checking for C compiler version
configure:19108: gcc -m32 --version >&5
gcc (GCC) 14.2.1 20250207
Copyright (C) 2024 Free Software Foundation, Inc.
This is free software; see the source for copying conditions.  There is NO
warranty; not even for MERCHANTABILITY or FITNESS FOR A PARTICULAR PURPOSE.

configure:19119: $? = 0
configure:19108: gcc -m32 -v >&5
Using built-in specs.
COLLECT_GCC=gcc
COLLECT_LTO_WRAPPER=/usr/lib/gcc/x86_64-pc-linux-gnu/14.2.1/lto-wrapper
Target: x86_64-pc-linux-gnu
Configured with: /build/gcc/src/gcc/configure --enable-languages=ada,c,c++,d,fortran,go,lto,m2,objc,obj-c++,rust --enable-bootstrap --prefix=/usr --libdir=/usr/lib --libexecdir=/usr/lib --mandir=/usr/share/man --infodir=/usr/share/info --with-bugurl=https://gitlab.archlinux.org/archlinux/packaging/packages/gcc/-/issues --with-build-config=bootstrap-lto --with-linker-hash-style=gnu --with-system-zlib --enable-__cxa_atexit --enable-cet=auto --enable-checking=release --enable-clocale=gnu --enable-default-pie --enable-default-ssp --enable-gnu-indirect-function --enable-gnu-unique-object --enable-libstdcxx-backtrace --enable-link-serialization=1 --enable-linker-build-id --enable-lto --enable-multilib --enable-plugin --enable-shared --enable-threads=posix --disable-libssp --disable-libstdcxx-pch --disable-werror
Thread model: posix
Supported LTO compression algorithms: zlib zstd
gcc version 14.2.1 20250207 (GCC) 
configure:19119: $? = 0
configure:19108: gcc -m32 -V >&5
gcc: error: unrecognized command-line option '-V'
gcc: fatal error: no input files
compilation terminated.
configure:19119: $? = 1
configure:19108: gcc -m32 -qversion >&5
gcc: error: unrecognized command-line option '-qversion'; did you mean '--version'?
gcc: fatal error: no input files
compilation terminated.
configure:19119: $? = 1
configure:19108: gcc -m32 -version >&5
gcc: error: unrecognized command-line option '-version'
gcc: fatal error: no input files
compilation terminated.
configure:19119: $? = 1
configure:19123: checking whether the compiler supports GNU C
configure:19155: result: yes
configure:19166: checking whether gcc -m32 accepts -g
configure:19234: result: yes
configure:19254: checking for gcc -m32 option to enable C11 features
configure:19288: result: none needed
configure:19412: checking whether gcc -m32 understands -c and -o together
configure:19451: result: yes
configure:19470: checking dependency style of gcc -m32
configure:19583: result: gcc3
configure:19612: checking for egrep
configure:19682: result: /usr/bin/grep -E
configure:19696: checking for vprintf
configure:19696: g++ -m32 -o conftest -march=x86-64 -mtune=generic -O2 -pipe -fno-plt -fexceptions         -Wp,-D_FORTIFY_SOURCE=3 -Wformat -Werror=format-security         -fstack-clash-protection -fcf-protection         -fno-omit-frame-pointer -mno-omit-leaf-frame-pointer -Wp,-D_GLIBCXX_ASSERTIONS -g -ffile-prefix-map=/home/aliasadi/Desktop/pdlinux/pdlinux/src/lib32-libusb0/src=/usr/src/debug/lib32-libusb0 -flto=auto  -Wl,-O1 -Wl,--sort-common -Wl,--as-needed -Wl,-z,relro -Wl,-z,now          -Wl,-z,pack-relative-relocs -flto=auto conftest.cpp  >&5
conftest.cpp:48:6: warning: declaration of 'char vprintf()' conflicts with built-in declaration 'int vprintf(const char*, char*)' [-Wbuiltin-declaration-mismatch]
   48 | char vprintf (void);
      |      ^~~~~~~
configure:19696: $? = 0
configure:19696: result: yes
configure:19718: checking for an ANSI C-conforming const
configure:19785: g++ -m32 -c -march=x86-64 -mtune=generic -O2 -pipe -fno-plt -fexceptions         -Wp,-D_FORTIFY_SOURCE=3 -Wformat -Werror=format-security         -fstack-clash-protection -fcf-protection         -fno-omit-frame-pointer -mno-omit-leaf-frame-pointer -Wp,-D_GLIBCXX_ASSERTIONS -g -ffile-prefix-map=/home/aliasadi/Desktop/pdlinux/pdlinux/src/lib32-libusb0/src=/usr/src/debug/lib32-libusb0 -flto=auto  conftest.cpp >&5
configure:19785: $? = 0
configure:19795: result: yes
configure:19804: checking whether byte ordering is bigendian
configure:19820: g++ -m32 -c -march=x86-64 -mtune=generic -O2 -pipe -fno-plt -fexceptions         -Wp,-D_FORTIFY_SOURCE=3 -Wformat -Werror=format-security         -fstack-clash-protection -fcf-protection         -fno-omit-frame-pointer -mno-omit-leaf-frame-pointer -Wp,-D_GLIBCXX_ASSERTIONS -g -ffile-prefix-map=/home/aliasadi/Desktop/pdlinux/pdlinux/src/lib32-libusb0/src=/usr/src/debug/lib32-libusb0 -flto=auto  conftest.cpp >&5
conftest.cpp:34:16: error: expected unqualified-id before 'not' token
   34 |                not a universal capable compiler
      |                ^~~
configure:19820: $? = 1
configure: failed program was:
| /* confdefs.h */
| #define PACKAGE_NAME "libusb"
| #define PACKAGE_TARNAME "libusb"
| #define PACKAGE_VERSION "0.1.12"
| #define PACKAGE_STRING "libusb 0.1.12"
| #define PACKAGE_BUGREPORT ""
| #define PACKAGE_URL ""
| #define PACKAGE "libusb"
| #define VERSION "0.1.12"
| #define LIBUSB_MAJOR_VERSION 0
| #define LIBUSB_MINOR_VERSION 1
| #define LIBUSB_MICRO_VERSION 12
| #define LIBUSB_INTERFACE_AGE 4
| #define LIBUSB_BINARY_AGE 8
| #define HAVE_STDIO_H 1
| #define HAVE_STDLIB_H 1
| #define HAVE_STRING_H 1
| #define HAVE_INTTYPES_H 1
| #define HAVE_STDINT_H 1
| #define HAVE_STRINGS_H 1
| #define HAVE_SYS_STAT_H 1
| #define HAVE_SYS_TYPES_H 1
| #define HAVE_UNISTD_H 1
| #define STDC_HEADERS 1
| #define HAVE_DLFCN_H 1
| #define LT_OBJDIR ".libs/"
| #define LINUX_API 1
| #define BSD_API 0
| #define DARWIN_API 0
| #define DUMMY_API 0
| #define HAVE_VPRINTF 1
| /* end confdefs.h.  */
| #ifndef __APPLE_CC__
| 	       not a universal capable compiler
| 	     #endif
| 	     typedef int dummy;
| 
configure:19866: g++ -m32 -c -march=x86-64 -mtune=generic -O2 -pipe -fno-plt -fexceptions         -Wp,-D_FORTIFY_SOURCE=3 -Wformat -Werror=format-security         -fstack-clash-protection -fcf-protection         -fno-omit-frame-pointer -mno-omit-leaf-frame-pointer -Wp,-D_GLIBCXX_ASSERTIONS -g -ffile-prefix-map=/home/aliasadi/Desktop/pdlinux/pdlinux/src/lib32-libusb0/src=/usr/src/debug/lib32-libusb0 -flto=auto  conftest.cpp >&5
configure:19866: $? = 0
configure:19885: g++ -m32 -c -march=x86-64 -mtune=generic -O2 -pipe -fno-plt -fexceptions         -Wp,-D_FORTIFY_SOURCE=3 -Wformat -Werror=format-security         -fstack-clash-protection -fcf-protection         -fno-omit-frame-pointer -mno-omit-leaf-frame-pointer -Wp,-D_GLIBCXX_ASSERTIONS -g -ffile-prefix-map=/home/aliasadi/Desktop/pdlinux/pdlinux/src/lib32-libusb0/src=/usr/src/debug/lib32-libusb0 -flto=auto  conftest.cpp >&5
conftest.cpp: In function 'int main()':
conftest.cpp:40:22: error: 'big' was not declared in this scope
   40 |                  not big endian
      |                      ^~~
configure:19885: $? = 1
configure: failed program was:
| /* confdefs.h */
| #define PACKAGE_NAME "libusb"
| #define PACKAGE_TARNAME "libusb"
| #define PACKAGE_VERSION "0.1.12"
| #define PACKAGE_STRING "libusb 0.1.12"
| #define PACKAGE_BUGREPORT ""
| #define PACKAGE_URL ""
| #define PACKAGE "libusb"
| #define VERSION "0.1.12"
| #define LIBUSB_MAJOR_VERSION 0
| #define LIBUSB_MINOR_VERSION 1
| #define LIBUSB_MICRO_VERSION 12
| #define LIBUSB_INTERFACE_AGE 4
| #define LIBUSB_BINARY_AGE 8
| #define HAVE_STDIO_H 1
| #define HAVE_STDLIB_H 1
| #define HAVE_STRING_H 1
| #define HAVE_INTTYPES_H 1
| #define HAVE_STDINT_H 1
| #define HAVE_STRINGS_H 1
| #define HAVE_SYS_STAT_H 1
| #define HAVE_SYS_TYPES_H 1
| #define HAVE_UNISTD_H 1
| #define STDC_HEADERS 1
| #define HAVE_DLFCN_H 1
| #define LT_OBJDIR ".libs/"
| #define LINUX_API 1
| #define BSD_API 0
| #define DARWIN_API 0
| #define DUMMY_API 0
| #define HAVE_VPRINTF 1
| /* end confdefs.h.  */
| #include <sys/types.h>
| 		#include <sys/param.h>
| 
| int
| main (void)
| {
| #if BYTE_ORDER != BIG_ENDIAN
| 		 not big endian
| 		#endif
| 
|   ;
|   return 0;
| }
configure:20026: result: no
configure:20054: checking for limits.h
configure:20054: g++ -m32 -c -march=x86-64 -mtune=generic -O2 -pipe -fno-plt -fexceptions         -Wp,-D_FORTIFY_SOURCE=3 -Wformat -Werror=format-security         -fstack-clash-protection -fcf-protection         -fno-omit-frame-pointer -mno-omit-leaf-frame-pointer -Wp,-D_GLIBCXX_ASSERTIONS -g -ffile-prefix-map=/home/aliasadi/Desktop/pdlinux/pdlinux/src/lib32-libusb0/src=/usr/src/debug/lib32-libusb0 -flto=auto  conftest.cpp >&5
configure:20054: $? = 0
configure:20054: result: yes
configure:20065: checking for unistd.h
configure:20065: result: yes
configure:20076: checking for values.h
configure:20076: g++ -m32 -c -march=x86-64 -mtune=generic -O2 -pipe -fno-plt -fexceptions         -Wp,-D_FORTIFY_SOURCE=3 -Wformat -Werror=format-security         -fstack-clash-protection -fcf-protection         -fno-omit-frame-pointer -mno-omit-leaf-frame-pointer -Wp,-D_GLIBCXX_ASSERTIONS -g -ffile-prefix-map=/home/aliasadi/Desktop/pdlinux/pdlinux/src/lib32-libusb0/src=/usr/src/debug/lib32-libusb0 -flto=auto  conftest.cpp >&5
configure:20076: $? = 0
configure:20076: result: yes
configure:20087: checking for memmove
configure:20087: g++ -m32 -o conftest -march=x86-64 -mtune=generic -O2 -pipe -fno-plt -fexceptions         -Wp,-D_FORTIFY_SOURCE=3 -Wformat -Werror=format-security         -fstack-clash-protection -fcf-protection         -fno-omit-frame-pointer -mno-omit-leaf-frame-pointer -Wp,-D_GLIBCXX_ASSERTIONS -g -ffile-prefix-map=/home/aliasadi/Desktop/pdlinux/pdlinux/src/lib32-libusb0/src=/usr/src/debug/lib32-libusb0 -flto=auto  -Wl,-O1 -Wl,--sort-common -Wl,--as-needed -Wl,-z,relro -Wl,-z,now          -Wl,-z,pack-relative-relocs -flto=auto conftest.cpp  >&5
conftest.cpp:55:6: warning: declaration of 'char memmove()' conflicts with built-in declaration 'void* memmove(void*, const void*, unsigned int)' [-Wbuiltin-declaration-mismatch]
   55 | char memmove (void);
      |      ^~~~~~~
configure:20087: $? = 0
configure:20087: result: yes
configure:20143: checking for pkg-config
configure:20166: found /usr/bin/pkg-config
configure:20179: result: /usr/bin/pkg-config
configure:20197: checking if we should build the documentation
configure:20208: result: auto
configure:20214: checking for jade
configure:20235: found /usr/bin/jade
configure:20247: result: jade
configure:20303: checking for Doxygen tools
configure:20307: checking for dot
configure:20360: result: /usr/bin/dot
configure:20374: checking for doxygen
configure:20423: result: not found
configure:20569: checking that generated files are newer than configure
configure:20575: result: done
configure:20639: creating ./config.status

## ---------------------- ##
## Running config.status. ##
## ---------------------- ##

This file was extended by libusb config.status 0.1.12, which was
generated by GNU Autoconf 2.72.  Invocation command line was

  CONFIG_FILES    = 
  CONFIG_HEADERS  = 
  CONFIG_LINKS    = 
  CONFIG_COMMANDS = 
  $ ./config.status 

on PdoS

config.status:1216: creating Makefile
config.status:1216: creating doc/Makefile
config.status:1216: creating libusb.spec
config.status:1216: creating libusb-config
config.status:1216: creating libusb.pc
config.status:1216: creating tests/Makefile
config.status:1216: creating README
config.status:1216: creating INSTALL.libusb
config.status:1216: creating usb.h
config.status:1216: creating Doxyfile
config.status:1216: creating config.h
config.status:1397: config.h is unchanged
config.status:1445: executing depfiles commands
config.status:1522: cd .       && sed -e '/# am--include-marker/d' Makefile         | make -f - am--depfiles
make: Nothing to be done for 'am--depfiles'.
config.status:1527: $? = 0
config.status:1522: cd tests       && sed -e '/# am--include-marker/d' Makefile         | make -f - am--depfiles
make: Nothing to be done for 'am--depfiles'.
config.status:1527: $? = 0
config.status:1445: executing libtool commands
config.status:1445: executing default commands

## ---------------- ##
## Cache variables. ##
## ---------------- ##

ac_cv_build=i686-pc-linux-gnu
ac_cv_c_bigendian=no
ac_cv_c_compiler_gnu=yes
ac_cv_c_const=yes
ac_cv_cxx_compiler_gnu=yes
ac_cv_env_CCC_set=
ac_cv_env_CCC_value=
ac_cv_env_CC_set=set
ac_cv_env_CC_value='gcc -m32'
ac_cv_env_CFLAGS_set=set
ac_cv_env_CFLAGS_value='-march=x86-64 -mtune=generic -O2 -pipe -fno-plt -fexceptions         -Wp,-D_FORTIFY_SOURCE=3 -Wformat -Werror=format-security         -fstack-clash-protection -fcf-protection         -fno-omit-frame-pointer -mno-omit-leaf-frame-pointer -g -ffile-prefix-map=/home/aliasadi/Desktop/pdlinux/pdlinux/src/lib32-libusb0/src=/usr/src/debug/lib32-libusb0 -flto=auto'
ac_cv_env_CPPFLAGS_set=
ac_cv_env_CPPFLAGS_value=
ac_cv_env_CXXCPP_set=
ac_cv_env_CXXCPP_value=
ac_cv_env_CXXFLAGS_set=set
ac_cv_env_CXXFLAGS_value='-march=x86-64 -mtune=generic -O2 -pipe -fno-plt -fexceptions         -Wp,-D_FORTIFY_SOURCE=3 -Wformat -Werror=format-security         -fstack-clash-protection -fcf-protection         -fno-omit-frame-pointer -mno-omit-leaf-frame-pointer -Wp,-D_GLIBCXX_ASSERTIONS -g -ffile-prefix-map=/home/aliasadi/Desktop/pdlinux/pdlinux/src/lib32-libusb0/src=/usr/src/debug/lib32-libusb0 -flto=auto'
ac_cv_env_CXX_set=set
ac_cv_env_CXX_value='g++ -m32'
ac_cv_env_LDFLAGS_set=set
ac_cv_env_LDFLAGS_value='-Wl,-O1 -Wl,--sort-common -Wl,--as-needed -Wl,-z,relro -Wl,-z,now          -Wl,-z,pack-relative-relocs -flto=auto'
ac_cv_env_LIBS_set=
ac_cv_env_LIBS_value=
ac_cv_env_LT_SYS_LIBRARY_PATH_set=
ac_cv_env_LT_SYS_LIBRARY_PATH_value=
ac_cv_env_build_alias_set=
ac_cv_env_build_alias_value=
ac_cv_env_host_alias_set=
ac_cv_env_host_alias_value=
ac_cv_env_target_alias_set=
ac_cv_env_target_alias_value=
ac_cv_func_memmove=yes
ac_cv_func_vprintf=yes
ac_cv_header_dlfcn_h=yes
ac_cv_header_inttypes_h=yes
ac_cv_header_limits_h=yes
ac_cv_header_stdint_h=yes
ac_cv_header_stdio_h=yes
ac_cv_header_stdlib_h=yes
ac_cv_header_string_h=yes
ac_cv_header_strings_h=yes
ac_cv_header_sys_stat_h=yes
ac_cv_header_sys_types_h=yes
ac_cv_header_unistd_h=yes
ac_cv_header_values_h=yes
ac_cv_host=i686-pc-linux-gnu
ac_cv_objext=o
ac_cv_path_EGREP='/usr/bin/grep -E'
ac_cv_path_EGREP_TRADITIONAL='/usr/bin/grep -E'
ac_cv_path_FGREP='/usr/bin/grep -F'
ac_cv_path_GREP=/usr/bin/grep
ac_cv_path_PKG_CONFIG=/usr/bin/pkg-config
ac_cv_path_SED=/usr/bin/sed
ac_cv_path_install='/usr/bin/install -c'
ac_cv_path_lt_DD=/usr/bin/dd
ac_cv_path_mkdir=/usr/bin/mkdir
ac_cv_prog_AWK=gawk
ac_cv_prog_CXXCPP='g++ -m32 -E'
ac_cv_prog_FILECMD=file
ac_cv_prog_JADE=jade
ac_cv_prog_ac_ct_AR=ar
ac_cv_prog_ac_ct_CC='gcc -m32'
ac_cv_prog_ac_ct_OBJDUMP=objdump
ac_cv_prog_ac_ct_RANLIB=ranlib
ac_cv_prog_ac_ct_STRIP=strip
ac_cv_prog_cc_c11=
ac_cv_prog_cc_g=yes
ac_cv_prog_cc_stdc=
ac_cv_prog_cxx_cxx11=
ac_cv_prog_cxx_g=yes
ac_cv_prog_cxx_stdcxx=
ac_cv_prog_make_make_set=yes
am_cv_CC_dependencies_compiler_type=gcc3
am_cv_CXX_dependencies_compiler_type=gcc3
am_cv_filesystem_timestamp_resolution=0.01
am_cv_make_support_nested_variables=yes
am_cv_prog_cc_c_o=yes
am_cv_sleep_fractional_seconds=yes
am_cv_xargs_n_works=yes
libusb_cv_path=NONE
libusb_cv_path_dot=/usr/bin/dot
libusb_cv_path_doxygen=NONE
lt_cv_ar_at_file=@
lt_cv_archive_cmds_need_lc=no
lt_cv_deplibs_check_method=pass_all
lt_cv_file_magic_cmd='$MAGIC_CMD'
lt_cv_file_magic_test_file=
lt_cv_ld_reload_flag=-r
lt_cv_nm_interface='BSD nm'
lt_cv_objdir=.libs
lt_cv_path_LD=/usr/bin/ld
lt_cv_path_LDCXX=/usr/bin/ld
lt_cv_path_NM='/usr/bin/nm -B'
lt_cv_path_manifest_tool=no
lt_cv_prog_compiler_c_o=yes
lt_cv_prog_compiler_c_o_CXX=yes
lt_cv_prog_compiler_pic='-fPIC -DPIC'
lt_cv_prog_compiler_pic_CXX='-fPIC -DPIC'
lt_cv_prog_compiler_pic_works=yes
lt_cv_prog_compiler_pic_works_CXX=yes
lt_cv_prog_compiler_rtti_exceptions=no
lt_cv_prog_compiler_static_works=yes
lt_cv_prog_compiler_static_works_CXX=yes
lt_cv_prog_gnu_ld=yes
lt_cv_prog_gnu_ldcxx=yes
lt_cv_sharedlib_from_linklib_cmd='printf %s\n'
lt_cv_shlibpath_overrides_runpath=yes
lt_cv_sys_global_symbol_pipe='/usr/bin/sed -n -e '\''s/^.*[	 ]\([ABCDGIRSTW][ABCDGIRSTW]*\)[	 ][	 ]*\([_A-Za-z][_A-Za-z0-9]*\)$/\1 \2 \2/p'\'' | /usr/bin/sed '\''/ __gnu_lto/d'\'''
lt_cv_sys_global_symbol_to_c_name_address='/usr/bin/sed -n -e '\''s/^: \(.*\) .*$/  {"\1", (void *) 0},/p'\'' -e '\''s/^[ABCDGIRSTW][ABCDGIRSTW]* .* \(.*\)$/  {"\1", (void *) \&\1},/p'\'''
lt_cv_sys_global_symbol_to_c_name_address_lib_prefix='/usr/bin/sed -n -e '\''s/^: \(.*\) .*$/  {"\1", (void *) 0},/p'\'' -e '\''s/^[ABCDGIRSTW][ABCDGIRSTW]* .* \(lib.*\)$/  {"\1", (void *) \&\1},/p'\'' -e '\''s/^[ABCDGIRSTW][ABCDGIRSTW]* .* \(.*\)$/  {"lib\1", (void *) \&\1},/p'\'''
lt_cv_sys_global_symbol_to_cdecl='/usr/bin/sed -n -e '\''s/^T .* \(.*\)$/extern int \1();/p'\'' -e '\''s/^[ABCDGIRSTW][ABCDGIRSTW]* .* \(.*\)$/extern char \1;/p'\'''
lt_cv_sys_global_symbol_to_import=
lt_cv_sys_max_cmd_len=1572864
lt_cv_to_host_file_cmd=func_convert_file_noop
lt_cv_to_tool_file_cmd=func_convert_file_noop
lt_cv_truncate_bin='/usr/bin/dd bs=4096 count=1'

## ----------------- ##
## Output variables. ##
## ----------------- ##

ACLOCAL='${SHELL} '\''/home/aliasadi/Desktop/pdlinux/pdlinux/src/lib32-libusb0/src/libusb-0.1.12/missing'\'' aclocal-1.17'
AMDEPBACKSLASH='\'
AMDEP_FALSE='#'
AMDEP_TRUE=''
AMTAR='$${TAR-tar}'
AM_BACKSLASH='\'
AM_DEFAULT_V='$(AM_DEFAULT_VERBOSITY)'
AM_DEFAULT_VERBOSITY='1'
AM_V='$(V)'
AR='ar'
AUTOCONF='${SHELL} '\''/home/aliasadi/Desktop/pdlinux/pdlinux/src/lib32-libusb0/src/libusb-0.1.12/missing'\'' autoconf'
AUTOHEADER='${SHELL} '\''/home/aliasadi/Desktop/pdlinux/pdlinux/src/lib32-libusb0/src/libusb-0.1.12/missing'\'' autoheader'
AUTOMAKE='${SHELL} '\''/home/aliasadi/Desktop/pdlinux/pdlinux/src/lib32-libusb0/src/libusb-0.1.12/missing'\'' automake-1.17'
AWK='gawk'
BIGENDIAN='0'
BSD_API='0'
BSD_API_FALSE=''
BSD_API_TRUE='#'
BUILD_DOCS_FALSE='#'
BUILD_DOCS_TRUE=''
CC='gcc -m32'
CCDEPMODE='depmode=gcc3'
CFLAGS='-march=x86-64 -mtune=generic -O2 -pipe -fno-plt -fexceptions         -Wp,-D_FORTIFY_SOURCE=3 -Wformat -Werror=format-security         -fstack-clash-protection -fcf-protection         -fno-omit-frame-pointer -mno-omit-leaf-frame-pointer -g -ffile-prefix-map=/home/aliasadi/Desktop/pdlinux/pdlinux/src/lib32-libusb0/src=/usr/src/debug/lib32-libusb0 -flto=auto -Wall'
CPPFLAGS=''
CSCOPE='cscope'
CTAGS='ctags'
CXX='g++ -m32'
CXXCPP='g++ -m32 -E'
CXXDEPMODE='depmode=gcc3'
CXXFLAGS='-march=x86-64 -mtune=generic -O2 -pipe -fno-plt -fexceptions         -Wp,-D_FORTIFY_SOURCE=3 -Wformat -Werror=format-security         -fstack-clash-protection -fcf-protection         -fno-omit-frame-pointer -mno-omit-leaf-frame-pointer -Wp,-D_GLIBCXX_ASSERTIONS -g -ffile-prefix-map=/home/aliasadi/Desktop/pdlinux/pdlinux/src/lib32-libusb0/src=/usr/src/debug/lib32-libusb0 -flto=auto'
CYGPATH_W='echo'
DARWIN_API='0'
DARWIN_API_FALSE=''
DARWIN_API_TRUE='#'
DEFS='-DHAVE_CONFIG_H'
DEPDIR='.deps'
DLLTOOL='false'
DOXYGEN=''
DOXYGEN_PROJECT_NAME='LIBUSB C++ API Reference'
DOXYGEN_PROJECT_NUMBER='Version 0.1.12'
DSYMUTIL=''
DUMMY_API='0'
DUMMY_API_FALSE=''
DUMMY_API_TRUE='#'
DUMPBIN=''
ECHO_C=''
ECHO_N='-n'
ECHO_T=''
EGREP='/usr/bin/grep -E'
ETAGS='etags'
EXEEXT=''
FGREP='/usr/bin/grep -F'
FILECMD='file'
GREP='/usr/bin/grep'
INSTALL_DATA='${INSTALL} -m 644'
INSTALL_PROGRAM='${INSTALL}'
INSTALL_SCRIPT='${INSTALL}'
INSTALL_STRIP_PROGRAM='$(install_sh) -c -s'
JADE='jade'
LD='/usr/bin/ld'
LDFLAGS='-Wl,-O1 -Wl,--sort-common -Wl,--as-needed -Wl,-z,relro -Wl,-z,now          -Wl,-z,pack-relative-relocs -flto=auto'
LIBOBJS=''
LIBS=''
LIBTOOL='$(SHELL) $(top_builddir)/libtool'
LIBUSB_BINARY_AGE='8'
LIBUSB_HAS_DOXYGEN='no'
LIBUSB_HAVE_DOT='YES'
LIBUSB_INTERFACE_AGE='4'
LIBUSB_MAJOR_VERSION='0'
LIBUSB_MICRO_VERSION='12'
LIBUSB_MINOR_VERSION='1'
LIBUSB_VERSION='0.1.12'
LINUX_API='1'
LINUX_API_FALSE='#'
LINUX_API_TRUE=''
LIPO=''
LN_S='ln -s'
LTLIBOBJS=''
LT_AGE='4'
LT_CURRENT='8'
LT_RELEASE='0.1'
LT_REVISION='4'
LT_SYS_LIBRARY_PATH=''
MAKEINFO='${SHELL} '\''/home/aliasadi/Desktop/pdlinux/pdlinux/src/lib32-libusb0/src/libusb-0.1.12/missing'\'' makeinfo'
MANIFEST_TOOL=':'
MKDIR_P='/usr/bin/mkdir -p'
NM='/usr/bin/nm -B'
NMEDIT=''
OBJDUMP='objdump'
OBJEXT='o'
OSLIBS=''
OTOOL64=''
OTOOL=''
PACKAGE='libusb'
PACKAGE_BUGREPORT=''
PACKAGE_NAME='libusb'
PACKAGE_STRING='libusb 0.1.12'
PACKAGE_TARNAME='libusb'
PACKAGE_URL=''
PACKAGE_VERSION='0.1.12'
PATH_SEPARATOR=':'
PKG_CONFIG='/usr/bin/pkg-config'
RANLIB='ranlib'
SED='/usr/bin/sed'
SET_MAKE=''
SHELL='/bin/sh'
STRIP='strip'
VERSION='0.1.12'
ac_ct_AR='ar'
ac_ct_CC='gcc -m32'
ac_ct_CXX=''
ac_ct_DUMPBIN=''
am__EXEEXT_FALSE=''
am__EXEEXT_TRUE='#'
am__fastdepCC_FALSE='#'
am__fastdepCC_TRUE=''
am__fastdepCXX_FALSE='#'
am__fastdepCXX_TRUE=''
am__include='include'
am__isrc=''
am__leading_dot='.'
am__nodep='_no'
am__quote=''
am__rm_f_notfound=''
am__tar='$${TAR-tar} chof - "$$tardir"'
am__untar='$${TAR-tar} xf -'
am__xargs_n='xargs -n'
bindir='${exec_prefix}/bin'
build='i686-pc-linux-gnu'
build_alias=''
build_cpu='i686'
build_os='linux-gnu'
build_vendor='pc'
datadir='${datarootdir}'
datarootdir='${prefix}/share'
docdir='${datarootdir}/doc/${PACKAGE_TARNAME}'
dvidir='${docdir}'
exec_prefix='${prefix}'
host='i686-pc-linux-gnu'
host_alias=''
host_cpu='i686'
host_os='linux-gnu'
host_vendor='pc'
htmldir='${docdir}'
includedir='${prefix}/include'
infodir='${datarootdir}/info'
install_sh='${SHELL} /home/aliasadi/Desktop/pdlinux/pdlinux/src/lib32-libusb0/src/libusb-0.1.12/install-sh'
libdir='/usr/lib32'
libexecdir='${exec_prefix}/libexec'
localedir='${datarootdir}/locale'
localstatedir='${prefix}/var'
mandir='${datarootdir}/man'
mkdir_p='$(MKDIR_P)'
oldincludedir='/usr/include'
pdfdir='${docdir}'
pkgconfigdir='/usr/lib32/pkgconfig'
prefix='/usr'
program_transform_name='s,x,x,'
psdir='${docdir}'
runstatedir='${localstatedir}/run'
sbindir='${exec_prefix}/sbin'
sharedstatedir='${prefix}/com'
sysconfdir='${prefix}/etc'
target_alias=''

## ----------- ##
## confdefs.h. ##
## ----------- ##

/* confdefs.h */
#define PACKAGE_NAME "libusb"
#define PACKAGE_TARNAME "libusb"
#define PACKAGE_VERSION "0.1.12"
#define PACKAGE_STRING "libusb 0.1.12"
#define PACKAGE_BUGREPORT ""
#define PACKAGE_URL ""
#define PACKAGE "libusb"
#define VERSION "0.1.12"
#define LIBUSB_MAJOR_VERSION 0
#define LIBUSB_MINOR_VERSION 1
#define LIBUSB_MICRO_VERSION 12
#define LIBUSB_INTERFACE_AGE 4
#define LIBUSB_BINARY_AGE 8
#define HAVE_STDIO_H 1
#define HAVE_STDLIB_H 1
#define HAVE_STRING_H 1
#define HAVE_INTTYPES_H 1
#define HAVE_STDINT_H 1
#define HAVE_STRINGS_H 1
#define HAVE_SYS_STAT_H 1
#define HAVE_SYS_TYPES_H 1
#define HAVE_UNISTD_H 1
#define STDC_HEADERS 1
#define HAVE_DLFCN_H 1
#define LT_OBJDIR ".libs/"
#define LINUX_API 1
#define BSD_API 0
#define DARWIN_API 0
#define DUMMY_API 0
#define HAVE_VPRINTF 1
#define HAVE_LIMITS_H 1
#define HAVE_LIMITS_H 1
#define HAVE_UNISTD_H 1
#define HAVE_UNISTD_H 1
#define HAVE_VALUES_H 1
#define HAVE_VALUES_H 1
#define HAVE_MEMMOVE 1

configure: exit 0
